<?xml version="1.0" encoding="UTF-8"?>
<coverage generated="1710599991830" clover="3.2.0">
  <project timestamp="1710599991830" name="All files">
    <metrics statements="6" coveredstatements="5" conditionals="1" coveredconditionals="1" methods="3" coveredmethods="1" elements="10" coveredelements="7" complexity="0" loc="6" ncloc="6" packages="1" files="1" classes="1"/>
    <file name="service.ts" path="C:\Users\Vlad\Desktop\WEB\TESTS\todo-tracker\frontend\src\components\hooks\service.ts">
      <metrics statements="6" coveredstatements="5" conditionals="1" coveredconditionals="1" methods="3" coveredmethods="1"/>
      <line num="1" count="1" type="stmt"/>
      <line num="2" count="0" type="stmt"/>
      <line num="5" count="1" type="stmt"/>
      <line num="6" count="3" type="cond" truecount="1" falsecount="0"/>
      <line num="7" count="2" type="stmt"/>
      <line num="9" count="1" type="stmt"/>
    </file>
  </project>
</coverage>
