{"C:\\Users\\Vlad\\Desktop\\WEB\\TESTS\\todo-tracker\\frontend\\src\\components\\hooks\\service.ts": {"path":"C:\\Users\\Vlad\\Desktop\\WEB\\TESTS\\todo-tracker\\frontend\\src\\components\\hooks\\service.ts","statementMap":{"0":{"start":{"line":1,"column":25},"end":{"line":3,"column":1}},"1":{"start":{"line":2,"column":20},"end":{"line":2,"column":49}},"2":{"start":{"line":2,"column":43},"end":{"line":2,"column":48}},"3":{"start":{"line":1,"column":13},"end":{"line":1,"column":25}},"4":{"start":{"line":5,"column":26},"end":{"line":10,"column":1}},"5":{"start":{"line":6,"column":2},"end":{"line":8,"column":3}},"6":{"start":{"line":7,"column":4},"end":{"line":7,"column":16}},"7":{"start":{"line":9,"column":2},"end":{"line":9,"column":15}},"8":{"start":{"line":5,"column":13},"end":{"line":5,"column":26}}},"fnMap":{"0":{"name":"(anonymous_0)","decl":{"start":{"line":1,"column":25},"end":{"line":1,"column":35}},"loc":{"start":{"line":1,"column":48},"end":{"line":3,"column":1}}},"1":{"name":"(anonymous_1)","decl":{"start":{"line":2,"column":33},"end":{"line":2,"column":34}},"loc":{"start":{"line":2,"column":43},"end":{"line":2,"column":48}}},"2":{"name":"(anonymous_2)","decl":{"start":{"line":5,"column":26},"end":{"line":5,"column":36}},"loc":{"start":{"line":5,"column":49},"end":{"line":10,"column":1}}}},"branchMap":{"0":{"loc":{"start":{"line":6,"column":2},"end":{"line":8,"column":3}},"type":"if","locations":[{"start":{"line":6,"column":2},"end":{"line":8,"column":3}}]}},"s":{"0":1,"1":0,"2":0,"3":1,"4":1,"5":3,"6":2,"7":1,"8":1},"f":{"0":0,"1":0,"2":3},"b":{"0":[2]}}
}
